21	1.000000	normal/out_COIN_11.jpg
18	0.000000	hacker/out_COIN_9.jpg
0	0.000000	hacker/out_COIN_1.jpg
31	1.000000	normal/out_COIN_3.jpg
13	0.000000	hacker/out_COIN_4.jpg
4	0.000000	hacker/out_COIN_13.jpg
32	1.000000	normal/out_COIN_4.jpg
30	1.000000	normal/out_COIN_2.jpg
12	0.000000	hacker/out_COIN_3.jpg
15	0.000000	hacker/out_COIN_6.jpg
34	1.000000	normal/out_COIN_6.jpg
5	0.000000	hacker/out_COIN_14.jpg
26	1.000000	normal/out_COIN_16.jpg
24	1.000000	normal/out_COIN_14.jpg
35	1.000000	normal/out_COIN_7.jpg
19	1.000000	normal/out_COIN_1.jpg
37	1.000000	normal/out_COIN_9.jpg
7	0.000000	hacker/out_COIN_16.jpg
10	0.000000	hacker/out_COIN_19.jpg
6	0.000000	hacker/out_COIN_15.jpg
20	1.000000	normal/out_COIN_10.jpg
1	0.000000	hacker/out_COIN_10.jpg
8	0.000000	hacker/out_COIN_17.jpg
14	0.000000	hacker/out_COIN_5.jpg
23	1.000000	normal/out_COIN_13.jpg
2	0.000000	hacker/out_COIN_11.jpg
28	1.000000	normal/out_COIN_18.jpg
17	0.000000	hacker/out_COIN_8.jpg
